TN:
SF:/Users/oleq/ck/5/ckeditor5-inspector/src/storagemanager.js
FN:9,(anonymous_0)
FN:13,(anonymous_1)
FNF:2
FNH:2
FNDA:3,(anonymous_0)
FNDA:9,(anonymous_1)
DA:10,3
DA:14,9
LF:2
LH:2
BRF:0
BRH:0
end_of_record
TN:
SF:/Users/oleq/ck/5/ckeditor5-inspector/src/components/tree.js
FN:10,(anonymous_0)
FN:14,(anonymous_1)
FN:18,(anonymous_2)
FN:37,(anonymous_3)
FN:43,(anonymous_4)
FN:47,(anonymous_5)
FN:48,(anonymous_6)
FN:51,(anonymous_7)
FN:55,(anonymous_8)
FN:65,(anonymous_9)
FN:90,(anonymous_10)
FN:103,(anonymous_11)
FN:119,(anonymous_12)
FN:136,(anonymous_13)
FN:155,(anonymous_14)
FN:163,(anonymous_15)
FN:168,renderTreeItem
FNF:17
FNH:17
FNDA:16,(anonymous_0)
FNDA:26,(anonymous_1)
FNDA:35,(anonymous_2)
FNDA:48,(anonymous_3)
FNDA:2,(anonymous_4)
FNDA:62,(anonymous_5)
FNDA:47,(anonymous_6)
FNDA:62,(anonymous_7)
FNDA:47,(anonymous_8)
FNDA:44,(anonymous_9)
FNDA:44,(anonymous_10)
FNDA:18,(anonymous_11)
FNDA:15,(anonymous_12)
FNDA:29,(anonymous_13)
FNDA:30,(anonymous_14)
FNDA:9,(anonymous_15)
FNDA:82,renderTreeItem
DA:11,16
DA:17,26
DA:18,35
DA:24,1
DA:27,26
DA:38,48
DA:40,48
DA:44,2
DA:48,62
DA:52,62
DA:56,47
DA:66,44
DA:67,44
DA:68,44
DA:69,44
DA:70,44
DA:78,44
DA:91,44
DA:92,44
DA:94,44
DA:95,22
DA:98,44
DA:104,18
DA:109,18
DA:120,15
DA:121,15
DA:122,15
DA:123,15
DA:125,15
DA:126,3
DA:129,15
DA:139,29
DA:140,28
DA:145,29
DA:156,30
DA:164,9
DA:169,82
DA:170,9
DA:171,73
DA:172,33
DA:173,40
DA:174,12
DA:175,28
DA:176,28
LF:44
LH:44
BRDA:17,0,0,25
BRDA:17,0,1,1
BRDA:29,1,0,2
BRDA:29,1,1,24
BRDA:68,2,0,44
BRDA:68,2,1,3
BRDA:69,3,0,44
BRDA:69,3,1,3
BRDA:73,4,0,16
BRDA:73,4,1,28
BRDA:74,5,0,2
BRDA:74,5,1,42
BRDA:86,6,0,2
BRDA:86,6,1,42
BRDA:106,7,0,11
BRDA:106,7,1,7
BRDA:111,8,0,3
BRDA:111,8,1,15
BRDA:112,9,0,3
BRDA:112,9,1,15
BRDA:114,10,0,3
BRDA:114,10,1,15
BRDA:123,11,0,15
BRDA:123,11,1,0
BRDA:139,12,0,28
BRDA:139,12,1,1
BRDA:157,13,0,15
BRDA:157,13,1,15
BRDA:169,14,0,9
BRDA:169,14,1,73
BRDA:171,15,0,33
BRDA:171,15,1,40
BRDA:173,16,0,12
BRDA:173,16,1,28
BRDA:175,17,0,28
BRDA:175,17,1,0
BRF:36
BRH:34
end_of_record
TN:
SF:/Users/oleq/ck/5/ckeditor5-inspector/src/components/select.js
FN:9,(anonymous_0)
FN:18,(anonymous_1)
FNF:2
FNH:2
FNDA:21,(anonymous_0)
FNDA:22,(anonymous_1)
DA:10,21
DA:19,22
LF:2
LH:2
BRF:0
BRH:0
end_of_record
TN:
SF:/Users/oleq/ck/5/ckeditor5-inspector/src/components/checkbox.js
FN:9,(anonymous_0)
FNF:1
FNH:1
FNDA:13,(anonymous_0)
DA:10,13
LF:1
LH:1
BRF:0
BRH:0
end_of_record
TN:
SF:/Users/oleq/ck/5/ckeditor5-inspector/src/components/editorobserver.js
FN:6,editorEventObserver
FN:8,(anonymous_1)
FN:11,(anonymous_2)
FN:16,(anonymous_3)
FN:20,(anonymous_4)
FN:32,(anonymous_5)
FN:36,(anonymous_6)
FN:44,(anonymous_7)
FN:50,(anonymous_8)
FNF:9
FNH:8
FNDA:8,editorEventObserver
FNDA:10,(anonymous_1)
FNDA:0,(anonymous_2)
FNDA:10,(anonymous_3)
FNDA:16,(anonymous_4)
FNDA:10,(anonymous_5)
FNDA:10,(anonymous_6)
FNDA:10,(anonymous_7)
FNDA:26,(anonymous_8)
DA:7,8
DA:9,10
DA:11,10
DA:12,0
DA:17,10
DA:21,16
DA:22,0
DA:25,16
DA:26,16
DA:27,0
DA:33,10
DA:37,10
DA:39,10
DA:41,10
DA:45,10
DA:47,10
DA:51,26
LF:17
LH:14
BRDA:21,0,0,0
BRDA:21,0,1,16
BRDA:21,1,0,16
BRDA:21,1,1,16
BRDA:21,1,2,16
BRDA:25,2,0,16
BRDA:25,2,1,0
BRDA:26,3,0,0
BRDA:26,3,1,16
BRDA:26,4,0,16
BRDA:26,4,1,16
BRDA:26,4,2,16
BRF:12
BRH:9
end_of_record
TN:
SF:/Users/oleq/ck/5/ckeditor5-inspector/src/components/model/utils.js
FN:6,isModelElement
FN:10,isModelText
FN:14,isModelRoot
FN:18,getNodePathString
FNF:4
FNH:1
FNDA:13,isModelElement
FNDA:0,isModelText
FNDA:0,isModelRoot
FNDA:0,getNodePathString
DA:7,13
DA:11,0
DA:15,0
DA:19,0
LF:4
LH:1
BRDA:7,0,0,13
BRDA:7,0,1,13
BRDA:11,1,0,0
BRDA:11,1,1,0
BRDA:15,2,0,0
BRDA:15,2,1,0
BRDA:19,3,0,0
BRDA:19,3,1,0
BRF:8
BRH:2
end_of_record
TN:
SF:/Users/oleq/ck/5/ckeditor5-inspector/src/components/utils.js
FN:6,stringify
FN:34,uid
FN:38,stringifyPropertyList
FN:39,(anonymous_3)
FNF:4
FNH:4
FNDA:12,stringify
FNDA:3,uid
FNDA:1,stringifyPropertyList
FNDA:2,(anonymous_3)
DA:7,12
DA:8,2
DA:11,10
DA:27,10
DA:28,3
DA:31,7
DA:35,3
DA:39,1
DA:40,2
LF:9
LH:9
BRDA:6,0,0,9
BRDA:7,1,0,2
BRDA:7,1,1,10
BRDA:27,2,0,3
BRDA:27,2,1,7
BRF:5
BRH:5
end_of_record
TN:
SF:/Users/oleq/ck/5/ckeditor5-inspector/src/components/model/tree.js
FN:17,(anonymous_0)
FN:27,(anonymous_1)
FN:34,(anonymous_2)
FN:35,(anonymous_3)
FN:40,(anonymous_4)
FN:51,(anonymous_5)
FN:52,(anonymous_6)
FN:76,(anonymous_7)
FN:92,getNodeTree
FN:100,getElementTree
FN:164,getTextTree
FN:210,getNodeAttrs
FN:211,(anonymous_12)
FNF:13
FNH:8
FNDA:5,(anonymous_0)
FNDA:10,(anonymous_1)
FNDA:0,(anonymous_2)
FNDA:0,(anonymous_3)
FNDA:13,(anonymous_4)
FNDA:13,(anonymous_5)
FNDA:0,(anonymous_6)
FNDA:13,(anonymous_7)
FNDA:13,getNodeTree
FNDA:13,getElementTree
FNDA:0,getTextTree
FNDA:13,getNodeAttrs
FNDA:0,(anonymous_12)
DA:15,1
DA:18,5
DA:20,5
DA:24,5
DA:28,10
DA:35,0
DA:36,0
DA:41,13
DA:43,13
DA:51,13
DA:52,0
DA:77,13
DA:78,0
DA:81,13
DA:82,13
DA:83,13
DA:84,13
DA:86,13
DA:93,13
DA:94,13
DA:95,0
DA:96,0
DA:101,13
DA:103,13
DA:110,13
DA:111,0
DA:112,0
DA:114,0
DA:115,0
DA:118,0
DA:119,0
DA:121,0
DA:125,0
DA:126,0
DA:128,0
DA:131,0
DA:134,0
DA:135,0
DA:137,0
DA:141,0
DA:142,0
DA:144,0
DA:149,13
DA:150,13
DA:154,13
DA:155,13
DA:159,13
DA:161,13
DA:165,0
DA:168,0
DA:178,0
DA:179,0
DA:181,0
DA:189,0
DA:190,0
DA:193,0
DA:194,0
DA:197,0
DA:199,0
DA:205,0
DA:207,0
DA:211,13
DA:212,0
DA:215,13
LF:64
LH:27
BRDA:77,0,0,0
BRDA:77,0,1,13
BRDA:93,1,0,13
BRDA:93,1,1,0
BRDA:95,2,0,0
BRDA:95,2,1,0
BRDA:110,3,0,0
BRDA:110,3,1,13
BRDA:118,4,0,0
BRDA:118,4,1,0
BRDA:118,5,0,0
BRDA:118,5,1,0
BRDA:118,5,2,0
BRDA:125,6,0,0
BRDA:125,6,1,0
BRDA:125,7,0,0
BRDA:125,7,1,0
BRDA:125,7,2,0
BRDA:134,8,0,0
BRDA:134,8,1,0
BRDA:134,9,0,0
BRDA:134,9,1,0
BRDA:134,9,2,0
BRDA:141,10,0,0
BRDA:141,10,1,0
BRDA:141,11,0,0
BRDA:141,11,1,0
BRDA:141,11,2,0
BRDA:149,12,0,13
BRDA:149,12,1,0
BRDA:149,13,0,13
BRDA:149,13,1,13
BRDA:149,13,2,13
BRDA:149,13,3,13
BRDA:154,14,0,13
BRDA:154,14,1,0
BRDA:154,15,0,13
BRDA:154,15,1,13
BRDA:154,15,2,13
BRDA:154,15,3,13
BRDA:178,16,0,0
BRDA:178,16,1,0
BRDA:189,17,0,0
BRDA:189,17,1,0
BRDA:193,18,0,0
BRDA:193,18,1,0
BRF:46
BRH:13
end_of_record
TN:
SF:/Users/oleq/ck/5/ckeditor5-inspector/src/components/tabs.js
FN:10,(anonymous_0)
FN:16,(anonymous_1)
FN:17,(anonymous_2)
FN:22,(anonymous_3)
FN:24,(anonymous_4)
FN:29,(anonymous_5)
FN:37,(anonymous_6)
FNF:7
FNH:7
FNDA:11,(anonymous_0)
FNDA:1,(anonymous_1)
FNDA:1,(anonymous_2)
FNDA:28,(anonymous_3)
FNDA:69,(anonymous_4)
FNDA:1,(anonymous_5)
FNDA:69,(anonymous_6)
DA:11,11
DA:13,11
DA:17,1
DA:18,1
DA:23,28
DA:25,69
DA:29,1
DA:38,69
LF:8
LH:8
BRDA:41,0,0,27
BRDA:41,0,1,42
BRF:2
BRH:2
end_of_record
TN:
SF:/Users/oleq/ck/5/ckeditor5-inspector/src/components/panes.js
FN:11,(anonymous_0)
FN:17,(anonymous_1)
FN:21,(anonymous_2)
FN:28,(anonymous_3)
FN:36,(anonymous_4)
FNF:5
FNH:5
FNDA:11,(anonymous_0)
FNDA:1,(anonymous_1)
FNDA:27,(anonymous_2)
FNDA:67,(anonymous_3)
FNDA:67,(anonymous_4)
DA:12,11
DA:14,11
DA:18,1
DA:22,27
DA:24,27
DA:28,67
DA:37,67
LF:7
LH:7
BRDA:22,0,0,26
BRDA:22,0,1,1
BRF:2
BRH:2
end_of_record
TN:
SF:/Users/oleq/ck/5/ckeditor5-inspector/src/components/button.js
FN:9,(anonymous_0)
FNF:1
FNH:1
FNDA:6,(anonymous_0)
DA:10,6
LF:1
LH:1
BRF:0
BRH:0
end_of_record
TN:
SF:/Users/oleq/ck/5/ckeditor5-inspector/src/logger.js
FN:9,(anonymous_0)
FN:13,(anonymous_1)
FN:17,(anonymous_2)
FNF:3
FNH:2
FNDA:6,(anonymous_0)
FNDA:6,(anonymous_1)
FNDA:0,(anonymous_2)
DA:10,6
DA:14,6
DA:18,0
LF:3
LH:2
BRF:0
BRH:0
end_of_record
TN:
SF:/Users/oleq/ck/5/ckeditor5-inspector/src/components/propertylist.js
FN:11,(anonymous_0)
FN:15,(anonymous_1)
FNF:2
FNH:2
FNDA:2,(anonymous_0)
FNDA:2,(anonymous_1)
DA:12,2
DA:14,2
DA:16,2
LF:3
LH:3
BRF:0
BRH:0
end_of_record
TN:
SF:/Users/oleq/ck/5/ckeditor5-inspector/src/components/model/nodeinspector.js
FN:17,(anonymous_0)
FN:24,(anonymous_1)
FN:48,(anonymous_2)
FN:66,(anonymous_3)
FNF:4
FNH:3
FNDA:10,(anonymous_0)
FNDA:13,(anonymous_1)
FNDA:0,(anonymous_2)
FNDA:13,(anonymous_3)
DA:18,10
DA:25,13
DA:27,13
DA:28,13
DA:35,0
DA:36,0
DA:40,0
DA:45,0
DA:48,0
DA:55,0
DA:56,0
DA:63,0
DA:67,13
DA:68,13
DA:70,13
DA:71,13
DA:74,0
DA:75,0
DA:78,0
DA:79,0
DA:82,0
DA:88,0
DA:89,0
DA:90,0
DA:91,0
DA:92,0
DA:94,0
DA:95,0
DA:96,0
DA:99,0
DA:105,0
DA:106,0
DA:107,0
DA:108,0
DA:110,0
DA:117,0
DA:118,0
DA:120,0
DA:121,0
DA:123,0
LF:40
LH:8
BRDA:27,0,0,13
BRDA:27,0,1,0
BRDA:35,1,0,0
BRDA:35,1,1,0
BRDA:55,2,0,0
BRDA:55,2,1,0
BRDA:70,3,0,13
BRDA:70,3,1,0
BRDA:74,4,0,0
BRDA:74,4,1,0
BRDA:74,5,0,0
BRDA:74,5,1,0
BRDA:78,6,0,0
BRDA:78,6,1,0
BRDA:88,7,0,0
BRDA:88,7,1,0
BRDA:89,8,0,0
BRDA:89,8,1,0
BRDA:105,9,0,0
BRDA:105,9,1,0
BRF:20
BRH:2
end_of_record
TN:
SF:/Users/oleq/ck/5/ckeditor5-inspector/src/components/model/selectioninspector.js
FN:15,(anonymous_0)
FN:22,(anonymous_1)
FN:43,(anonymous_2)
FN:56,(anonymous_3)
FN:64,(anonymous_4)
FN:71,(anonymous_5)
FN:95,getPositionInfo
FNF:7
FNH:0
FNDA:0,(anonymous_0)
FNDA:0,(anonymous_1)
FNDA:0,(anonymous_2)
FNDA:0,(anonymous_3)
FNDA:0,(anonymous_4)
FNDA:0,(anonymous_5)
FNDA:0,getPositionInfo
DA:16,0
DA:23,0
DA:26,0
DA:27,0
DA:39,0
DA:43,0
DA:56,0
DA:64,0
DA:72,0
DA:73,0
DA:74,0
DA:75,0
DA:87,0
DA:88,0
DA:91,0
DA:96,0
LF:16
LH:0
BRDA:26,0,0,0
BRDA:26,0,1,0
BRDA:103,1,0,0
BRDA:103,1,1,0
BRF:4
BRH:0
end_of_record
TN:
SF:/Users/oleq/ck/5/ckeditor5-inspector/src/components/model/inspector.js
FN:13,(anonymous_0)
FNF:1
FNH:1
FNDA:8,(anonymous_0)
DA:14,8
LF:1
LH:1
BRF:0
BRH:0
end_of_record
TN:
SF:/Users/oleq/ck/5/ckeditor5-inspector/src/components/model/pane.js
FN:13,(anonymous_0)
FN:30,(anonymous_1)
FN:36,(anonymous_2)
FN:41,(anonymous_3)
FN:48,(anonymous_4)
FN:52,(anonymous_5)
FN:55,(anonymous_6)
FN:60,(anonymous_7)
FN:88,(anonymous_8)
FN:102,getEditorRoots
FN:110,getCurrentRootName
FNF:11
FNH:5
FNDA:1,(anonymous_0)
FNDA:0,(anonymous_1)
FNDA:0,(anonymous_2)
FNDA:0,(anonymous_3)
FNDA:0,(anonymous_4)
FNDA:0,(anonymous_5)
FNDA:0,(anonymous_6)
FNDA:14,(anonymous_7)
FNDA:14,(anonymous_8)
FNDA:15,getEditorRoots
FNDA:10,getCurrentRootName
DA:11,1
DA:14,1
DA:16,1
DA:25,1
DA:26,1
DA:27,1
DA:31,0
DA:32,0
DA:34,0
DA:38,0
DA:39,0
DA:42,0
DA:49,0
DA:53,0
DA:56,0
DA:61,14
DA:62,6
DA:67,8
DA:89,14
DA:90,10
DA:97,4
DA:103,15
DA:104,5
DA:107,10
DA:111,10
DA:112,5
DA:115,5
DA:116,0
DA:118,5
LF:29
LH:19
BRDA:22,0,0,1
BRDA:22,0,1,1
BRDA:38,1,0,0
BRDA:38,1,1,0
BRDA:61,2,0,6
BRDA:61,2,1,8
BRDA:89,3,0,10
BRDA:89,3,1,4
BRDA:103,4,0,5
BRDA:103,4,1,10
BRDA:111,5,0,5
BRDA:111,5,1,5
BRDA:115,6,0,0
BRDA:115,6,1,5
BRF:14
BRH:11
end_of_record
TN:
SF:/Users/oleq/ck/5/ckeditor5-inspector/src/components/view/utils.js
FN:6,isViewElement
FN:10,isViewAttributeElement
FN:14,isViewContainerElement
FN:18,isViewEmptyElement
FN:22,isViewUiElement
FN:26,isViewText
FN:30,isViewRoot
FN:34,nodeToString
FNF:8
FNH:0
FNDA:0,isViewElement
FNDA:0,isViewAttributeElement
FNDA:0,isViewContainerElement
FNDA:0,isViewEmptyElement
FNDA:0,isViewUiElement
FNDA:0,isViewText
FNDA:0,isViewRoot
FNDA:0,nodeToString
DA:7,0
DA:11,0
DA:15,0
DA:19,0
DA:23,0
DA:27,0
DA:31,0
DA:35,0
DA:36,0
DA:37,0
DA:38,0
DA:39,0
DA:40,0
DA:41,0
DA:43,0
DA:45,0
DA:46,0
LF:17
LH:0
BRDA:7,0,0,0
BRDA:7,0,1,0
BRDA:11,1,0,0
BRDA:11,1,1,0
BRDA:11,1,2,0
BRDA:15,2,0,0
BRDA:15,2,1,0
BRDA:15,2,2,0
BRDA:19,3,0,0
BRDA:19,3,1,0
BRDA:19,3,2,0
BRDA:23,4,0,0
BRDA:23,4,1,0
BRDA:23,4,2,0
BRDA:27,5,0,0
BRDA:27,5,1,0
BRDA:31,6,0,0
BRDA:31,6,1,0
BRDA:35,7,0,0
BRDA:35,7,1,0
BRDA:36,8,0,0
BRDA:36,8,1,0
BRDA:38,9,0,0
BRDA:38,9,1,0
BRDA:40,10,0,0
BRDA:40,10,1,0
BRDA:45,11,0,0
BRDA:45,11,1,0
BRF:28
BRH:0
end_of_record
TN:
SF:/Users/oleq/ck/5/ckeditor5-inspector/src/components/view/tree.js
FN:25,(anonymous_0)
FN:35,(anonymous_1)
FN:42,(anonymous_2)
FN:43,(anonymous_3)
FN:48,(anonymous_4)
FN:59,(anonymous_5)
FN:60,(anonymous_6)
FN:84,(anonymous_7)
FN:101,getNodeTree
FN:109,getElementTree
FN:198,getTextTree
FN:239,getNodeAttrs
FN:240,(anonymous_12)
FNF:13
FNH:0
FNDA:0,(anonymous_0)
FNDA:0,(anonymous_1)
FNDA:0,(anonymous_2)
FNDA:0,(anonymous_3)
FNDA:0,(anonymous_4)
FNDA:0,(anonymous_5)
FNDA:0,(anonymous_6)
FNDA:0,(anonymous_7)
FNDA:0,getNodeTree
FNDA:0,getElementTree
FNDA:0,getTextTree
FNDA:0,getNodeAttrs
FNDA:0,(anonymous_12)
DA:23,1
DA:26,0
DA:28,0
DA:32,0
DA:36,0
DA:43,0
DA:44,0
DA:49,0
DA:51,0
DA:59,0
DA:60,0
DA:85,0
DA:86,0
DA:89,0
DA:90,0
DA:91,0
DA:92,0
DA:94,0
DA:102,0
DA:103,0
DA:104,0
DA:105,0
DA:110,0
DA:112,0
DA:118,0
DA:119,0
DA:120,0
DA:121,0
DA:122,0
DA:123,0
DA:124,0
DA:125,0
DA:126,0
DA:127,0
DA:128,0
DA:130,0
DA:133,0
DA:138,0
DA:139,0
DA:144,0
DA:145,0
DA:146,0
DA:148,0
DA:149,0
DA:152,0
DA:153,0
DA:155,0
DA:159,0
DA:160,0
DA:162,0
DA:165,0
DA:168,0
DA:169,0
DA:171,0
DA:175,0
DA:176,0
DA:178,0
DA:183,0
DA:184,0
DA:188,0
DA:189,0
DA:193,0
DA:195,0
DA:199,0
DA:202,0
DA:209,0
DA:210,0
DA:212,0
DA:220,0
DA:221,0
DA:224,0
DA:225,0
DA:228,0
DA:230,0
DA:236,0
DA:240,0
DA:241,0
DA:244,0
LF:78
LH:1
BRDA:85,0,0,0
BRDA:85,0,1,0
BRDA:102,1,0,0
BRDA:102,1,1,0
BRDA:104,2,0,0
BRDA:104,2,1,0
BRDA:118,3,0,0
BRDA:118,3,1,0
BRDA:119,4,0,0
BRDA:119,4,1,0
BRDA:121,5,0,0
BRDA:121,5,1,0
BRDA:123,6,0,0
BRDA:123,6,1,0
BRDA:125,7,0,0
BRDA:125,7,1,0
BRDA:127,8,0,0
BRDA:127,8,1,0
BRDA:138,9,0,0
BRDA:138,9,1,0
BRDA:144,10,0,0
BRDA:144,10,1,0
BRDA:152,11,0,0
BRDA:152,11,1,0
BRDA:152,12,0,0
BRDA:152,12,1,0
BRDA:159,13,0,0
BRDA:159,13,1,0
BRDA:159,14,0,0
BRDA:159,14,1,0
BRDA:168,15,0,0
BRDA:168,15,1,0
BRDA:168,16,0,0
BRDA:168,16,1,0
BRDA:175,17,0,0
BRDA:175,17,1,0
BRDA:175,18,0,0
BRDA:175,18,1,0
BRDA:183,19,0,0
BRDA:183,19,1,0
BRDA:183,20,0,0
BRDA:183,20,1,0
BRDA:183,20,2,0
BRDA:188,21,0,0
BRDA:188,21,1,0
BRDA:188,22,0,0
BRDA:188,22,1,0
BRDA:188,22,2,0
BRDA:209,23,0,0
BRDA:209,23,1,0
BRDA:220,24,0,0
BRDA:220,24,1,0
BRDA:224,25,0,0
BRDA:224,25,1,0
BRF:54
BRH:0
end_of_record
TN:
SF:/Users/oleq/ck/5/ckeditor5-inspector/src/components/view/nodeinspector.js
FN:23,(anonymous_0)
FN:30,(anonymous_1)
FN:54,(anonymous_2)
FN:72,(anonymous_3)
FNF:4
FNH:0
FNDA:0,(anonymous_0)
FNDA:0,(anonymous_1)
FNDA:0,(anonymous_2)
FNDA:0,(anonymous_3)
DA:24,0
DA:31,0
DA:33,0
DA:34,0
DA:41,0
DA:42,0
DA:46,0
DA:51,0
DA:54,0
DA:61,0
DA:62,0
DA:69,0
DA:73,0
DA:74,0
DA:76,0
DA:77,0
DA:80,0
DA:81,0
DA:84,0
DA:85,0
DA:88,0
DA:94,0
DA:95,0
DA:96,0
DA:97,0
DA:98,0
DA:100,0
DA:102,0
DA:103,0
DA:104,0
DA:105,0
DA:106,0
DA:107,0
DA:108,0
DA:109,0
DA:110,0
DA:111,0
DA:112,0
DA:113,0
DA:115,0
DA:116,0
DA:120,0
DA:121,0
DA:126,0
DA:127,0
DA:128,0
DA:129,0
DA:131,0
DA:136,0
DA:137,0
DA:139,0
LF:51
LH:0
BRDA:33,0,0,0
BRDA:33,0,1,0
BRDA:41,1,0,0
BRDA:41,1,1,0
BRDA:61,2,0,0
BRDA:61,2,1,0
BRDA:76,3,0,0
BRDA:76,3,1,0
BRDA:80,4,0,0
BRDA:80,4,1,0
BRDA:80,5,0,0
BRDA:80,5,1,0
BRDA:84,6,0,0
BRDA:84,6,1,0
BRDA:94,7,0,0
BRDA:94,7,1,0
BRDA:95,8,0,0
BRDA:95,8,1,0
BRDA:102,9,0,0
BRDA:102,9,1,0
BRDA:105,10,0,0
BRDA:105,10,1,0
BRDA:108,11,0,0
BRDA:108,11,1,0
BRDA:111,12,0,0
BRDA:111,12,1,0
BRDA:126,13,0,0
BRDA:126,13,1,0
BRF:28
BRH:0
end_of_record
TN:
SF:/Users/oleq/ck/5/ckeditor5-inspector/src/components/view/selectioninspector.js
FN:14,(anonymous_0)
FN:21,(anonymous_1)
FN:30,(anonymous_2)
FN:42,(anonymous_3)
FN:51,(anonymous_4)
FN:57,(anonymous_5)
FN:78,getPositionInfo
FNF:7
FNH:0
FNDA:0,(anonymous_0)
FNDA:0,(anonymous_1)
FNDA:0,(anonymous_2)
FNDA:0,(anonymous_3)
FNDA:0,(anonymous_4)
FNDA:0,(anonymous_5)
FNDA:0,getPositionInfo
DA:15,0
DA:22,0
DA:24,0
DA:30,0
DA:42,0
DA:51,0
DA:58,0
DA:59,0
DA:70,0
DA:71,0
DA:74,0
DA:79,0
LF:12
LH:0
BRF:0
BRH:0
end_of_record
TN:
SF:/Users/oleq/ck/5/ckeditor5-inspector/src/components/view/inspector.js
FN:13,(anonymous_0)
FNF:1
FNH:0
FNDA:0,(anonymous_0)
DA:14,0
LF:1
LH:0
BRF:0
BRH:0
end_of_record
TN:
SF:/Users/oleq/ck/5/ckeditor5-inspector/src/components/view/pane.js
FN:14,(anonymous_0)
FN:31,(anonymous_1)
FN:37,(anonymous_2)
FN:42,(anonymous_3)
FN:49,(anonymous_4)
FN:53,(anonymous_5)
FN:56,(anonymous_6)
FN:61,(anonymous_7)
FN:89,(anonymous_8)
FN:103,getEditorRoots
FN:111,getCurrentRootName
FNF:11
FNH:0
FNDA:0,(anonymous_0)
FNDA:0,(anonymous_1)
FNDA:0,(anonymous_2)
FNDA:0,(anonymous_3)
FNDA:0,(anonymous_4)
FNDA:0,(anonymous_5)
FNDA:0,(anonymous_6)
FNDA:0,(anonymous_7)
FNDA:0,(anonymous_8)
FNDA:0,getEditorRoots
FNDA:0,getCurrentRootName
DA:11,1
DA:15,0
DA:17,0
DA:26,0
DA:27,0
DA:28,0
DA:32,0
DA:33,0
DA:35,0
DA:39,0
DA:40,0
DA:43,0
DA:50,0
DA:54,0
DA:57,0
DA:62,0
DA:63,0
DA:68,0
DA:90,0
DA:91,0
DA:98,0
DA:104,0
DA:105,0
DA:108,0
DA:112,0
DA:113,0
DA:116,0
DA:117,0
DA:119,0
LF:29
LH:1
BRDA:23,0,0,0
BRDA:23,0,1,0
BRDA:39,1,0,0
BRDA:39,1,1,0
BRDA:62,2,0,0
BRDA:62,2,1,0
BRDA:90,3,0,0
BRDA:90,3,1,0
BRDA:104,4,0,0
BRDA:104,4,1,0
BRDA:112,5,0,0
BRDA:112,5,1,0
BRDA:116,6,0,0
BRDA:116,6,1,0
BRF:14
BRH:0
end_of_record
TN:
SF:/Users/oleq/ck/5/ckeditor5-inspector/src/components/commands/tree.js
FN:11,(anonymous_0)
FN:18,(anonymous_1)
FN:34,(anonymous_2)
FN:62,(anonymous_3)
FNF:4
FNH:0
FNDA:0,(anonymous_0)
FNDA:0,(anonymous_1)
FNDA:0,(anonymous_2)
FNDA:0,(anonymous_3)
DA:12,0
DA:19,0
DA:21,0
DA:35,0
DA:36,0
DA:38,0
DA:39,0
DA:41,0
DA:42,0
DA:45,0
DA:62,0
LF:11
LH:0
BRDA:41,0,0,0
BRDA:41,0,1,0
BRDA:56,1,0,0
BRDA:56,1,1,0
BRDA:62,2,0,0
BRDA:62,2,1,0
BRF:6
BRH:0
end_of_record
TN:
SF:/Users/oleq/ck/5/ckeditor5-inspector/src/components/commands/commandinspector.js
FN:13,(anonymous_0)
FN:20,(anonymous_1)
FN:34,(anonymous_2)
FN:35,(anonymous_3)
FN:45,(anonymous_4)
FNF:5
FNH:0
FNDA:0,(anonymous_0)
FNDA:0,(anonymous_1)
FNDA:0,(anonymous_2)
FNDA:0,(anonymous_3)
FNDA:0,(anonymous_4)
DA:14,0
DA:21,0
DA:23,0
DA:24,0
DA:29,0
DA:34,0
DA:35,0
DA:42,0
DA:46,0
DA:47,0
DA:49,0
DA:50,0
DA:53,0
DA:55,0
DA:66,0
DA:68,0
LF:16
LH:0
BRDA:23,0,0,0
BRDA:23,0,1,0
BRDA:49,1,0,0
BRDA:49,1,1,0
BRF:4
BRH:0
end_of_record
TN:
SF:/Users/oleq/ck/5/ckeditor5-inspector/src/components/commands/inspector.js
FN:12,(anonymous_0)
FNF:1
FNH:0
FNDA:0,(anonymous_0)
DA:13,0
LF:1
LH:0
BRF:0
BRH:0
end_of_record
TN:
SF:/Users/oleq/ck/5/ckeditor5-inspector/src/components/commands/pane.js
FN:11,(anonymous_0)
FN:23,(anonymous_1)
FN:30,(anonymous_2)
FN:53,(anonymous_3)
FNF:4
FNH:0
FNDA:0,(anonymous_0)
FNDA:0,(anonymous_1)
FNDA:0,(anonymous_2)
FNDA:0,(anonymous_3)
DA:12,0
DA:14,0
DA:19,0
DA:24,0
DA:25,0
DA:27,0
DA:31,0
DA:32,0
DA:37,0
DA:54,0
DA:55,0
DA:60,0
LF:12
LH:0
BRDA:31,0,0,0
BRDA:31,0,1,0
BRDA:54,1,0,0
BRDA:54,1,1,0
BRF:4
BRH:0
end_of_record
TN:
SF:/Users/oleq/ck/5/ckeditor5-inspector/src/components/ui.js
FN:22,(anonymous_0)
FN:38,(anonymous_1)
FN:41,(anonymous_2)
FN:46,(anonymous_3)
FN:52,(anonymous_4)
FN:55,(anonymous_5)
FN:60,(anonymous_6)
FN:72,(anonymous_7)
FN:73,(anonymous_8)
FN:96,(anonymous_9)
FN:109,(anonymous_10)
FN:119,(anonymous_11)
FNF:12
FNH:6
FNDA:1,(anonymous_0)
FNDA:0,(anonymous_1)
FNDA:0,(anonymous_2)
FNDA:0,(anonymous_3)
FNDA:0,(anonymous_4)
FNDA:0,(anonymous_5)
FNDA:14,(anonymous_6)
FNDA:9,(anonymous_7)
FNDA:0,(anonymous_8)
FNDA:14,(anonymous_9)
FNDA:14,(anonymous_10)
FNDA:14,(anonymous_11)
DA:18,1
DA:19,1
DA:23,1
DA:25,1
DA:32,1
DA:33,1
DA:34,1
DA:35,1
DA:39,0
DA:42,0
DA:47,0
DA:53,0
DA:56,0
DA:61,14
DA:62,0
DA:64,14
DA:67,14
DA:68,14
DA:72,9
DA:73,0
DA:76,14
DA:97,14
DA:98,11
DA:103,3
DA:110,14
DA:120,14
LF:26
LH:19
BRDA:29,0,0,1
BRDA:29,0,1,1
BRDA:61,1,0,0
BRDA:61,1,1,14
BRDA:76,2,0,0
BRDA:76,2,1,14
BRDA:84,3,0,8
BRDA:84,3,1,6
BRDA:97,4,0,11
BRDA:97,4,1,3
BRDA:100,5,0,5
BRDA:100,5,1,6
BRDA:124,6,0,0
BRDA:124,6,1,14
BRF:14
BRH:11
end_of_record
TN:
SF:/Users/oleq/ck/5/ckeditor5-inspector/src/ckeditorinspector.js
FN:45,(anonymous_0)
FN:63,(anonymous_1)
FN:81,(anonymous_2)
FN:86,(anonymous_3)
FNF:4
FNH:4
FNDA:6,(anonymous_0)
FNDA:6,(anonymous_1)
FNDA:7,(anonymous_2)
FNDA:13,(anonymous_3)
DA:16,1
DA:18,1
DA:19,1
DA:21,1
DA:48,6
DA:49,4
DA:50,4
DA:52,2
DA:53,2
DA:56,6
DA:58,6
DA:59,6
DA:61,6
DA:63,6
DA:64,6
DA:67,6
DA:68,1
DA:70,1
DA:76,6
DA:78,6
DA:82,7
DA:83,7
DA:87,13
DA:93,1
DA:94,1
LF:25
LH:25
BRDA:48,0,0,4
BRDA:48,0,1,2
BRDA:67,1,0,1
BRDA:67,1,1,5
BRF:4
BRH:4
end_of_record
